<?xml version="1.0" encoding="UTF-8"?>
<testng-results skipped="0" failed="0" ignored="0" total="3" passed="3">
  <reporter-output>
  </reporter-output>
  <suite name="Default suite" duration-ms="63" started-at="2023-04-03T10:19:28Z" finished-at="2023-04-03T10:19:28Z">
    <groups>
    </groups>
    <test name="Default test" duration-ms="63" started-at="2023-04-03T10:19:28Z" finished-at="2023-04-03T10:19:28Z">
      <class name="testng.Testcase2">
        <test-method status="PASS" signature="testCase1()[pri:0, instance:testng.Testcase2@5276e6b0]" name="testCase1" duration-ms="16" started-at="2023-04-03T10:19:28Z" finished-at="2023-04-03T10:19:28Z">
          <reporter-output>
          </reporter-output>
        </test-method> <!-- testCase1 -->
        <test-method status="PASS" signature="testCase2()[pri:0, instance:testng.Testcase2@5276e6b0]" name="testCase2" duration-ms="1" started-at="2023-04-03T10:19:28Z" finished-at="2023-04-03T10:19:28Z">
          <reporter-output>
          </reporter-output>
        </test-method> <!-- testCase2 -->
        <test-method status="PASS" signature="testCase3()[pri:0, instance:testng.Testcase2@5276e6b0]" name="testCase3" duration-ms="1" started-at="2023-04-03T10:19:28Z" finished-at="2023-04-03T10:19:28Z">
          <reporter-output>
          </reporter-output>
        </test-method> <!-- testCase3 -->
      </class> <!-- testng.Testcase2 -->
    </test> <!-- Default test -->
  </suite> <!-- Default suite -->
</testng-results>
