<?xml version="1.0" encoding="UTF-8"?>
<!-- Generated by org.testng.reporters.JUnitXMLReporter -->
<testsuite hostname="LAPTOP-PV1L9LI8" ignored="0" name="Default test" tests="3" failures="0" timestamp="03 Apr 2023 10:19:28 GMT" time="0.063" errors="0">
  <testcase name="testCase1" time="0.016" classname="testng.Testcase2"/>
  <testcase name="testCase2" time="0.001" classname="testng.Testcase2"/>
  <testcase name="testCase3" time="0.001" classname="testng.Testcase2"/>
</testsuite> <!-- Default test -->
